  Bitmask.cpp
  Component.cpp
F:\Studia\SEMESTR_5\Grafika\Projekt\SuperMarioBros\SuperMarioBros\SuperMarioBros_v2\Component.cpp(69,21): warning C4244: 'argument': conversion from 'unsigned int' to 'float', possible loss of data
F:\Studia\SEMESTR_5\Grafika\Projekt\SuperMarioBros\SuperMarioBros\SuperMarioBros_v2\Component.cpp(69,18): warning C4244: 'argument': conversion from 'unsigned int' to 'float', possible loss of data
F:\Studia\SEMESTR_5\Grafika\Projekt\SuperMarioBros\SuperMarioBros\SuperMarioBros_v2\Component.cpp(766,38): warning C4244: 'initializing': conversion from 'T' to 'int', possible loss of data
          with
          [
              T=float
          ]
F:\Studia\SEMESTR_5\Grafika\Projekt\SuperMarioBros\SuperMarioBros\SuperMarioBros_v2\Component.cpp(766,23): warning C4244: 'initializing': conversion from 'T' to 'const int', possible loss of data
          with
          [
              T=float
          ]
F:\Studia\SEMESTR_5\Grafika\Projekt\SuperMarioBros\SuperMarioBros\SuperMarioBros_v2\Component.cpp(767,40): warning C4244: 'initializing': conversion from 'T' to 'int', possible loss of data
          with
          [
              T=float
          ]
F:\Studia\SEMESTR_5\Grafika\Projekt\SuperMarioBros\SuperMarioBros\SuperMarioBros_v2\Component.cpp(767,24): warning C4244: 'initializing': conversion from 'T' to 'const int', possible loss of data
          with
          [
              T=float
          ]
F:\Studia\SEMESTR_5\Grafika\Projekt\SuperMarioBros\SuperMarioBros\SuperMarioBros_v2\Component.cpp(770,67): warning C4244: 'argument': conversion from 'const int' to 'T', possible loss of data
          with
          [
              T=float
          ]
F:\Studia\SEMESTR_5\Grafika\Projekt\SuperMarioBros\SuperMarioBros\SuperMarioBros_v2\Component.cpp(770,55): warning C4244: 'argument': conversion from 'const int' to 'T', possible loss of data
          with
          [
              T=float
          ]
F:\Studia\SEMESTR_5\Grafika\Projekt\SuperMarioBros\SuperMarioBros\SuperMarioBros_v2\Component.cpp(773,54): warning C4244: 'argument': conversion from 'const int' to 'T', possible loss of data
          with
          [
              T=float
          ]
F:\Studia\SEMESTR_5\Grafika\Projekt\SuperMarioBros\SuperMarioBros\SuperMarioBros_v2\Component.cpp(773,42): warning C4244: 'argument': conversion from 'const int' to 'T', possible loss of data
          with
          [
              T=float
          ]
F:\Studia\SEMESTR_5\Grafika\Projekt\SuperMarioBros\SuperMarioBros\SuperMarioBros_v2\Component.cpp(776,68): warning C4244: 'argument': conversion from 'const int' to 'T', possible loss of data
          with
          [
              T=float
          ]
F:\Studia\SEMESTR_5\Grafika\Projekt\SuperMarioBros\SuperMarioBros\SuperMarioBros_v2\Component.cpp(776,56): warning C4244: 'argument': conversion from 'const int' to 'T', possible loss of data
          with
          [
              T=float
          ]
F:\Studia\SEMESTR_5\Grafika\Projekt\SuperMarioBros\SuperMarioBros\SuperMarioBros_v2\Component.cpp(779,81): warning C4244: 'argument': conversion from 'const int' to 'T', possible loss of data
          with
          [
              T=float
          ]
F:\Studia\SEMESTR_5\Grafika\Projekt\SuperMarioBros\SuperMarioBros\SuperMarioBros_v2\Component.cpp(779,69): warning C4244: 'argument': conversion from 'const int' to 'T', possible loss of data
          with
          [
              T=float
          ]
F:\Studia\SEMESTR_5\Grafika\Projekt\SuperMarioBros\SuperMarioBros\SuperMarioBros_v2\Component.cpp(1465,71): warning C4244: 'argument': conversion from 'float' to 'int', possible loss of data
F:\Studia\SEMESTR_5\Grafika\Projekt\SuperMarioBros\SuperMarioBros\SuperMarioBros_v2\Component.cpp(1465,64): warning C4244: 'argument': conversion from 'float' to 'int', possible loss of data
F:\Studia\SEMESTR_5\Grafika\Projekt\SuperMarioBros\SuperMarioBros\SuperMarioBros_v2\Component.cpp(1465,57): warning C4244: 'argument': conversion from 'float' to 'int', possible loss of data
F:\Studia\SEMESTR_5\Grafika\Projekt\SuperMarioBros\SuperMarioBros\SuperMarioBros_v2\Component.cpp(1465,50): warning C4244: 'argument': conversion from 'float' to 'int', possible loss of data
  Game.cpp
  Input.cpp
  main.cpp
  Object.cpp
  ObjectCollection.cpp
  ResourceManager.cpp
  SceneGame.cpp
  SceneGameOver.cpp
F:\Studia\SEMESTR_5\Grafika\Projekt\SuperMarioBros\SuperMarioBros\SuperMarioBros_v2\SceneGameOver.cpp(26,56): warning C4244: 'argument': conversion from 'T' to 'float', possible loss of data
          with
          [
              T=unsigned int
          ]
F:\Studia\SEMESTR_5\Grafika\Projekt\SuperMarioBros\SuperMarioBros\SuperMarioBros_v2\SceneGameOver.cpp(26,40): warning C4244: 'argument': conversion from 'T' to 'float', possible loss of data
          with
          [
              T=unsigned int
          ]
  SceneSplashScreen.cpp
F:\Studia\SEMESTR_5\Grafika\Projekt\SuperMarioBros\SuperMarioBros\SuperMarioBros_v2\SceneSplashScreen.cpp(21,57): warning C4244: 'argument': conversion from 'T' to 'float', possible loss of data
          with
          [
              T=unsigned int
          ]
F:\Studia\SEMESTR_5\Grafika\Projekt\SuperMarioBros\SuperMarioBros\SuperMarioBros_v2\SceneSplashScreen.cpp(21,41): warning C4244: 'argument': conversion from 'T' to 'float', possible loss of data
          with
          [
              T=unsigned int
          ]
  SceneStateMachine.cpp
  Tile.cpp
F:\Studia\SEMESTR_5\Grafika\Projekt\SuperMarioBros\SuperMarioBros\SuperMarioBros_v2\Tile.cpp(57,58): warning C4244: 'argument': conversion from 'int' to 'float', possible loss of data
F:\Studia\SEMESTR_5\Grafika\Projekt\SuperMarioBros\SuperMarioBros\SuperMarioBros_v2\Tile.cpp(57,45): warning C4244: 'argument': conversion from 'int' to 'float', possible loss of data
F:\Studia\SEMESTR_5\Grafika\Projekt\SuperMarioBros\SuperMarioBros\SuperMarioBros_v2\Tile.cpp(121,58): warning C4244: 'argument': conversion from 'int' to 'float', possible loss of data
F:\Studia\SEMESTR_5\Grafika\Projekt\SuperMarioBros\SuperMarioBros\SuperMarioBros_v2\Tile.cpp(121,45): warning C4244: 'argument': conversion from 'int' to 'float', possible loss of data
  Window.cpp
  WorkingDirectory.cpp
  Generating Code...
sfml-graphics-d.lib(sfml-graphics-d-2.dll) : fatal error LNK1112: module machine type 'x86' conflicts with target machine type 'x64'
